2019-10-24 09:05:30.751  INFO 9032 --- [main] com.mybatisdemo1.demo.DemoApplication    : Starting DemoApplication on yangyang with PID 9032 (started by Administrator in H:\练习\mybatisdemo1\API-)
2019-10-24 09:05:30.755  INFO 9032 --- [main] com.mybatisdemo1.demo.DemoApplication    : The following profiles are active: prod
2019-10-24 09:05:32.040  INFO 9032 --- [main] .s.d.r.c.RepositoryConfigurationDelegate : Bootstrapping Spring Data repositories in DEFAULT mode.
2019-10-24 09:05:32.065  INFO 9032 --- [main] .s.d.r.c.RepositoryConfigurationDelegate : Finished Spring Data repository scanning in 20ms. Found 0 repository interfaces.
2019-10-24 09:05:32.554  INFO 9032 --- [main] trationDelegate$BeanPostProcessorChecker : Bean 'org.springframework.transaction.annotation.ProxyTransactionManagementConfiguration' of type [org.springframework.transaction.annotation.ProxyTransactionManagementConfiguration$$EnhancerBySpringCGLIB$$b428f899] is not eligible for getting processed by all BeanPostProcessors (for example: not eligible for auto-proxying)
2019-10-24 09:05:33.427  INFO 9032 --- [main] o.s.b.w.embedded.tomcat.TomcatWebServer  : Tomcat initialized with port(s): 8080 (http)
2019-10-24 09:05:33.480  INFO 9032 --- [main] o.apache.catalina.core.StandardService   : Starting service [Tomcat]
2019-10-24 09:05:33.480  INFO 9032 --- [main] org.apache.catalina.core.StandardEngine  : Starting Servlet engine: [Apache Tomcat/9.0.26]
2019-10-24 09:05:33.676  INFO 9032 --- [main] o.a.c.c.C.[Tomcat].[localhost].[/]       : Initializing Spring embedded WebApplicationContext
2019-10-24 09:05:33.676  INFO 9032 --- [main] o.s.web.context.ContextLoader            : Root WebApplicationContext: initialization completed in 2818 ms
2019-10-24 09:05:35.412  INFO 9032 --- [main] o.s.s.concurrent.ThreadPoolTaskExecutor  : Initializing ExecutorService 'applicationTaskExecutor'
2019-10-24 09:05:35.980  INFO 9032 --- [main] d.s.w.p.DocumentationPluginsBootstrapper : Context refreshed
2019-10-24 09:05:36.023  INFO 9032 --- [main] d.s.w.p.DocumentationPluginsBootstrapper : Found 1 custom documentation plugin(s)
2019-10-24 09:05:36.090  INFO 9032 --- [main] s.d.s.w.s.ApiListingReferenceScanner     : Scanning for api listing references
2019-10-24 09:05:36.578  INFO 9032 --- [main] o.s.b.w.embedded.tomcat.TomcatWebServer  : Tomcat started on port(s): 8080 (http) with context path ''
2019-10-24 09:05:36.583  INFO 9032 --- [main] com.mybatisdemo1.demo.DemoApplication    : Started DemoApplication in 6.759 seconds (JVM running for 8.798)
2019-10-24 09:05:52.015  INFO 8064 --- [main] com.mybatisdemo1.demo.DemoApplication    : Starting DemoApplication on yangyang with PID 8064 (started by Administrator in H:\练习\mybatisdemo1\API-)
2019-10-24 09:05:52.019  INFO 8064 --- [main] com.mybatisdemo1.demo.DemoApplication    : The following profiles are active: prod
2019-10-24 09:05:53.187  INFO 8064 --- [main] .s.d.r.c.RepositoryConfigurationDelegate : Bootstrapping Spring Data repositories in DEFAULT mode.
2019-10-24 09:05:53.206  INFO 8064 --- [main] .s.d.r.c.RepositoryConfigurationDelegate : Finished Spring Data repository scanning in 14ms. Found 0 repository interfaces.
2019-10-24 09:05:53.532  INFO 8064 --- [main] trationDelegate$BeanPostProcessorChecker : Bean 'org.springframework.transaction.annotation.ProxyTransactionManagementConfiguration' of type [org.springframework.transaction.annotation.ProxyTransactionManagementConfiguration$$EnhancerBySpringCGLIB$$cad7cc80] is not eligible for getting processed by all BeanPostProcessors (for example: not eligible for auto-proxying)
2019-10-24 09:05:53.813  INFO 8064 --- [main] o.s.b.w.embedded.tomcat.TomcatWebServer  : Tomcat initialized with port(s): 8080 (http)
2019-10-24 09:05:53.836  INFO 8064 --- [main] o.apache.catalina.core.StandardService   : Starting service [Tomcat]
2019-10-24 09:05:53.837  INFO 8064 --- [main] org.apache.catalina.core.StandardEngine  : Starting Servlet engine: [Apache Tomcat/9.0.26]
2019-10-24 09:05:53.954  INFO 8064 --- [main] o.a.c.c.C.[Tomcat].[localhost].[/]       : Initializing Spring embedded WebApplicationContext
2019-10-24 09:05:53.955  INFO 8064 --- [main] o.s.web.context.ContextLoader            : Root WebApplicationContext: initialization completed in 1768 ms
2019-10-24 09:05:54.966  INFO 8064 --- [main] o.s.s.concurrent.ThreadPoolTaskExecutor  : Initializing ExecutorService 'applicationTaskExecutor'
2019-10-24 09:05:55.214  INFO 8064 --- [main] d.s.w.p.DocumentationPluginsBootstrapper : Context refreshed
2019-10-24 09:05:55.229  INFO 8064 --- [main] d.s.w.p.DocumentationPluginsBootstrapper : Found 1 custom documentation plugin(s)
2019-10-24 09:05:55.241  INFO 8064 --- [main] s.d.s.w.s.ApiListingReferenceScanner     : Scanning for api listing references
2019-10-24 09:05:55.538  INFO 8064 --- [main] o.s.b.w.embedded.tomcat.TomcatWebServer  : Tomcat started on port(s): 8080 (http) with context path ''
2019-10-24 09:05:55.541  INFO 8064 --- [main] com.mybatisdemo1.demo.DemoApplication    : Started DemoApplication in 4.497 seconds (JVM running for 5.665)
2019-10-24 09:06:11.100  INFO 8064 --- [http-nio-8080-exec-1] o.a.c.c.C.[Tomcat].[localhost].[/]       : Initializing Spring DispatcherServlet 'dispatcherServlet'
2019-10-24 09:06:11.100  INFO 8064 --- [http-nio-8080-exec-1] o.s.web.servlet.DispatcherServlet        : Initializing Servlet 'dispatcherServlet'
2019-10-24 09:06:11.108  INFO 8064 --- [http-nio-8080-exec-1] o.s.web.servlet.DispatcherServlet        : Completed initialization in 8 ms
2019-10-24 09:06:11.135 ERROR 8064 --- [http-nio-8080-exec-1] c.m.demo.exception.MyControllerAdvice    : Required String parameter 'id' is not present
2019-10-24 09:06:18.788  INFO 8064 --- [http-nio-8080-exec-2] com.alibaba.druid.pool.DruidDataSource   : {dataSource-1} inited
2019-10-24 09:06:19.993 ERROR 8064 --- [http-nio-8080-exec-2] c.m.demo.controller.UserController       : 获取用户列表成功Thu Oct 24 09:06:19 GMT+08:00 2019
